<?xml version="1.0" encoding="UTF-8"?>
<!-- Generated by org.testng.reporters.JUnitXMLReporter -->
<testsuite hostname="IRODCDEC" failures="0" tests="4" name="Default test" time="1.925" errors="0" timestamp="20 Oct 2019 19:25:39 GMT">
  <testcase classname="com.vimalselvam.graphql.TestClass" name="testGraphqlFirstNWithFileAndVariables" time="1.215"/>
  <testcase classname="com.vimalselvam.graphql.TestClass" name="testGraphqlWithFileAndVariables" time="0.232"/>
  <testcase classname="com.vimalselvam.graphql.TestClass" name="testGraphqlWithInputStream" time="0.22"/>
  <testcase classname="com.vimalselvam.graphql.TestClass" name="testGraphqlWithNoVariables" time="0.228"/>
</testsuite> <!-- Default test -->
