<?xml version="1.0" encoding="UTF-8"?>
<!-- Generated by org.testng.reporters.JUnitXMLReporter -->
<testsuite hostname="DLT3YBKZ" failures="0" tests="4" name="Default test" time="1.611" errors="0" timestamp="26 Oct 2019 17:49:26 GMT">
  <testcase classname="com.vimalselvam.graphql.TestClass" name="testGraphqlFirstNWithFileAndVariables" time="0.708"/>
  <testcase classname="com.vimalselvam.graphql.TestClass" name="testGraphqlWithFileAndVariables" time="0.278"/>
  <testcase classname="com.vimalselvam.graphql.TestClass" name="testGraphqlWithInputStream" time="0.268"/>
  <testcase classname="com.vimalselvam.graphql.TestClass" name="testGraphqlWithNoVariables" time="0.348"/>
</testsuite> <!-- Default test -->
