<?xml version="1.0" encoding="UTF-8"?>
<testng-results total="4" passed="4" failed="0" skipped="0">
  <reporter-output>
  </reporter-output>
  <suite started-at="2019-10-20T19:25:37Z" name="Default suite" finished-at="2019-10-20T19:25:39Z" duration-ms="1925">
    <groups>
    </groups>
    <test started-at="2019-10-20T19:25:37Z" name="Default test" finished-at="2019-10-20T19:25:39Z" duration-ms="1925">
      <class name="com.vimalselvam.graphql.TestClass">
        <test-method signature="testGraphqlFirstNWithFileAndVariables()[pri:0, instance:com.vimalselvam.graphql.TestClass@40005471]" started-at="2019-10-20T15:25:37Z" name="testGraphqlFirstNWithFileAndVariables" finished-at="2019-10-20T15:25:38Z" duration-ms="1215" status="PASS">
          <reporter-output>
          </reporter-output>
        </test-method> <!-- testGraphqlFirstNWithFileAndVariables -->
        <test-method signature="testGraphqlWithFileAndVariables()[pri:0, instance:com.vimalselvam.graphql.TestClass@40005471]" started-at="2019-10-20T15:25:38Z" name="testGraphqlWithFileAndVariables" finished-at="2019-10-20T15:25:38Z" duration-ms="232" status="PASS">
          <reporter-output>
          </reporter-output>
        </test-method> <!-- testGraphqlWithFileAndVariables -->
        <test-method signature="testGraphqlWithInputStream()[pri:0, instance:com.vimalselvam.graphql.TestClass@40005471]" started-at="2019-10-20T15:25:38Z" name="testGraphqlWithInputStream" finished-at="2019-10-20T15:25:39Z" duration-ms="220" status="PASS">
          <reporter-output>
          </reporter-output>
        </test-method> <!-- testGraphqlWithInputStream -->
        <test-method signature="testGraphqlWithNoVariables()[pri:0, instance:com.vimalselvam.graphql.TestClass@40005471]" started-at="2019-10-20T15:25:39Z" name="testGraphqlWithNoVariables" finished-at="2019-10-20T15:25:39Z" duration-ms="228" status="PASS">
          <reporter-output>
          </reporter-output>
        </test-method> <!-- testGraphqlWithNoVariables -->
      </class> <!-- com.vimalselvam.graphql.TestClass -->
    </test> <!-- Default test -->
  </suite> <!-- Default suite -->
</testng-results>
